2.4971 	WARNING 	We strongly recommend you activate the PTB sound engine in PsychoPy prefs as the preferred audio engine. Its timing is vastly superior. Your prefs are currently set to use ['sounddevice', 'PTB', 'pyo', 'pygame'] (in that order).
60.8790 	WARNING 	User requested fullscreen with size [1024  768], but screen is actually [1920, 1080]. Using actual size
62.9928 	EXP 	Created window1 = Window(allowGUI=True, allowStencil=False, autoLog=True, backendConf=UNKNOWN, bitsMode=UNKNOWN, blendMode='avg', bpc=(8, 8, 8), color=array([0, 0, 0]), colorSpace='rgb', depthBits=8, fullscr=<method-wrapper '__getattribute__' of attributeSetter object at 0x000001D99D65ED30>, gamma=None, gammaErrorPolicy='raise', lms=UNKNOWN, monitor=<psychopy.monitors.calibTools.Monitor object at 0x000001D9A06EA910>, multiSample=False, name='window1', numSamples=2, pos=(0, 0), screen=0, size=array([1920, 1080]), stencilBits=0, stereo=False, units='height', useFBO=True, useRetina=False, viewOri=0.0, viewPos=None, viewScale=None, waitBlanking=True, winType='pyglet')
62.9929 	EXP 	window1: mouseVisible = True
62.9931 	EXP 	window1: mouseVisible = False
62.9932 	EXP 	window1: Attempting to measure frame rate of screen (0) ...
62.9932 	EXP 	window1: recordFrameIntervals = False
63.1585 	EXP 	window1: recordFrameIntervals = True
63.3422 	EXP 	Screen (0) actual frame rate measured at 59.91Hz
63.3423 	EXP 	window1: recordFrameIntervals = False
66.3355 	EXP 	Created fixation = ShapeStim(__class__=<class 'psychopy.visual.shape.ShapeStim'>, anchor=('center', 'center'), autoDraw=False, autoLog=True, closeShape=True, color=method-wrapper(...), colorSpace='rgb', contrast=None, depth=-1.0, fillColor=array([1, 1, 1]), fillColorSpace='rgb', fillRGB=array([1, 1, 1]), interpolate=True, lineColor=array([1, 1, 1]), lineColorSpace='rgb', lineRGB=array([1, 1, 1]), lineWidth=1.0, name='fixation', opacity=1.0, ori=0.0, pos=array([0., 0.]), size=array([10., 10.]), units='height', vertices=ndarray(...), win=Window(...), windingRule=None)
66.3556 	EXP 	Created grating = GratingStim(__class__=<class 'psychopy.visual.grating.GratingStim'>, anchor='center', autoDraw=False, autoLog=True, blendmode='avg', color=array([1, 1, 1]), colorSpace='rgb', contrast=1.0, depth=-2.0, interpolate=True, mask='circle', maskParams=None, name='grating', opacity=1.0, ori=0.0, phase=array([0., 0.]), pos=array([0., 0.]), rgbPedestal=array([0., 0., 0.]), sf=array([5., 5.]), size=array([0.1, 0.1]), tex='sin', texRes=128.0, units='height', win=Window(...))
66.3616 	EXP 	Imported C:/Users/Prisha Rao/Downloads/conditions.xlsx as conditions, 1 conditions, 5 params
66.8447 	EXP 	window1: recordFrameIntervals = False
66.8477 	EXP 	window1: recordFrameIntervals = False
67.8766 	EXP 	fixation: autoDraw = True
68.3870 	EXP 	grating: autoDraw = True
68.3870 	EXP 	grating: tex = 'sin'
68.6922 	EXP 	grating: autoDraw = False
68.8728 	EXP 	fixation: autoDraw = False
69.1658 	EXP 	window1: recordFrameIntervals = False
69.1670 	DATA 	Keypress: right
69.1699 	EXP 	fixation: autoDraw = False
69.1699 	EXP 	grating: autoDraw = False
69.1701 	EXP 	window1: recordFrameIntervals = False
70.1598 	EXP 	fixation: autoDraw = True
71.1721 	EXP 	fixation: autoDraw = False
71.1721 	EXP 	grating: autoDraw = True
71.1721 	EXP 	grating: tex = 'sin'
71.4719 	EXP 	grating: autoDraw = False
71.7074 	EXP 	window1: recordFrameIntervals = False
71.7085 	DATA 	Keypress: right
71.7217 	EXP 	fixation: autoDraw = False
71.7217 	EXP 	grating: autoDraw = False
71.7219 	EXP 	window1: recordFrameIntervals = False
72.7012 	EXP 	fixation: autoDraw = True
73.7045 	EXP 	fixation: autoDraw = False
73.7045 	EXP 	grating: autoDraw = True
73.7045 	EXP 	grating: tex = 'sin'
74.0045 	EXP 	grating: autoDraw = False
74.6074 	DATA 	Keypress: left
74.6232 	EXP 	window1: recordFrameIntervals = False
74.6375 	EXP 	fixation: autoDraw = False
74.6375 	EXP 	grating: autoDraw = False
74.6377 	EXP 	window1: recordFrameIntervals = False
75.6177 	EXP 	fixation: autoDraw = True
76.6206 	EXP 	fixation: autoDraw = False
76.6206 	EXP 	grating: autoDraw = True
76.6206 	EXP 	grating: tex = 'sin'
76.9201 	EXP 	grating: autoDraw = False
77.4229 	DATA 	Keypress: left
77.4390 	EXP 	window1: recordFrameIntervals = False
77.4532 	EXP 	fixation: autoDraw = False
77.4532 	EXP 	grating: autoDraw = False
77.4534 	EXP 	window1: recordFrameIntervals = False
78.4323 	EXP 	fixation: autoDraw = True
79.4362 	EXP 	fixation: autoDraw = False
79.4362 	EXP 	grating: autoDraw = True
79.4362 	EXP 	grating: tex = 'sin'
79.7356 	EXP 	grating: autoDraw = False
79.9215 	EXP 	window1: recordFrameIntervals = False
79.9226 	DATA 	Keypress: right
79.9356 	EXP 	fixation: autoDraw = False
79.9356 	EXP 	grating: autoDraw = False
79.9359 	EXP 	window1: recordFrameIntervals = False
80.9148 	EXP 	fixation: autoDraw = True
81.9184 	EXP 	fixation: autoDraw = False
81.9184 	EXP 	grating: autoDraw = True
81.9184 	EXP 	grating: tex = 'sin'
82.2184 	EXP 	grating: autoDraw = False
82.3876 	EXP 	window1: recordFrameIntervals = False
82.3890 	DATA 	Keypress: right
82.4016 	EXP 	fixation: autoDraw = False
82.4016 	EXP 	grating: autoDraw = False
82.4018 	EXP 	window1: recordFrameIntervals = False
83.3814 	EXP 	fixation: autoDraw = True
84.3842 	EXP 	fixation: autoDraw = False
84.3842 	EXP 	grating: autoDraw = True
84.3842 	EXP 	grating: tex = 'sin'
84.6842 	EXP 	grating: autoDraw = False
85.1698 	EXP 	window1: recordFrameIntervals = False
85.1710 	DATA 	Keypress: left
85.1840 	EXP 	fixation: autoDraw = False
85.1840 	EXP 	grating: autoDraw = False
85.1841 	EXP 	window1: recordFrameIntervals = False
86.1626 	EXP 	fixation: autoDraw = True
87.1666 	EXP 	fixation: autoDraw = False
87.1666 	EXP 	grating: autoDraw = True
87.1666 	EXP 	grating: tex = 'sin'
87.4665 	EXP 	grating: autoDraw = False
87.7354 	EXP 	window1: recordFrameIntervals = False
87.7366 	DATA 	Keypress: left
87.7497 	EXP 	fixation: autoDraw = False
87.7497 	EXP 	grating: autoDraw = False
87.7499 	EXP 	window1: recordFrameIntervals = False
88.7276 	EXP 	fixation: autoDraw = True
89.7326 	EXP 	fixation: autoDraw = False
89.7326 	EXP 	grating: autoDraw = True
89.7326 	EXP 	grating: tex = 'sin'
90.0323 	EXP 	grating: autoDraw = False
90.3513 	EXP 	window1: recordFrameIntervals = False
90.3525 	DATA 	Keypress: right
90.3653 	EXP 	fixation: autoDraw = False
90.3653 	EXP 	grating: autoDraw = False
90.3655 	EXP 	window1: recordFrameIntervals = False
91.3452 	EXP 	fixation: autoDraw = True
92.3484 	EXP 	fixation: autoDraw = False
92.3484 	EXP 	grating: autoDraw = True
92.3484 	EXP 	grating: tex = 'sin'
92.6480 	EXP 	grating: autoDraw = False
92.9007 	EXP 	window1: recordFrameIntervals = False
92.9021 	DATA 	Keypress: right
92.9147 	EXP 	fixation: autoDraw = False
92.9147 	EXP 	grating: autoDraw = False
92.9149 	EXP 	window1: recordFrameIntervals = False
93.8943 	EXP 	fixation: autoDraw = True
94.8974 	EXP 	fixation: autoDraw = False
94.8974 	EXP 	grating: autoDraw = True
94.8974 	EXP 	grating: tex = 'sin'
95.1973 	EXP 	grating: autoDraw = False
95.6495 	EXP 	window1: recordFrameIntervals = False
95.6507 	DATA 	Keypress: right
95.6640 	EXP 	fixation: autoDraw = False
95.6640 	EXP 	grating: autoDraw = False
95.6642 	EXP 	window1: recordFrameIntervals = False
96.6429 	EXP 	fixation: autoDraw = True
97.6466 	EXP 	fixation: autoDraw = False
97.6466 	EXP 	grating: autoDraw = True
97.6466 	EXP 	grating: tex = 'sin'
97.9463 	EXP 	grating: autoDraw = False
98.4152 	EXP 	window1: recordFrameIntervals = False
98.4162 	DATA 	Keypress: right
98.4294 	EXP 	fixation: autoDraw = False
98.4294 	EXP 	grating: autoDraw = False
98.4296 	EXP 	window1: recordFrameIntervals = False
99.4084 	EXP 	fixation: autoDraw = True
100.4122 	EXP 	fixation: autoDraw = False
100.4122 	EXP 	grating: autoDraw = True
100.4122 	EXP 	grating: tex = 'sin'
100.7123 	EXP 	grating: autoDraw = False
101.2977 	EXP 	window1: recordFrameIntervals = False
101.2990 	DATA 	Keypress: right
101.3119 	EXP 	fixation: autoDraw = False
101.3119 	EXP 	grating: autoDraw = False
101.3121 	EXP 	window1: recordFrameIntervals = False
102.2911 	EXP 	fixation: autoDraw = True
103.2946 	EXP 	fixation: autoDraw = False
103.2946 	EXP 	grating: autoDraw = True
103.2946 	EXP 	grating: tex = 'sin'
103.5943 	EXP 	grating: autoDraw = False
103.7633 	EXP 	window1: recordFrameIntervals = False
103.7645 	DATA 	Keypress: left
103.7777 	EXP 	fixation: autoDraw = False
103.7777 	EXP 	grating: autoDraw = False
103.7779 	EXP 	window1: recordFrameIntervals = False
104.7568 	EXP 	fixation: autoDraw = True
105.7605 	EXP 	fixation: autoDraw = False
105.7605 	EXP 	grating: autoDraw = True
105.7605 	EXP 	grating: tex = 'sin'
106.0604 	EXP 	grating: autoDraw = False
106.5129 	EXP 	window1: recordFrameIntervals = False
106.5141 	DATA 	Keypress: left
106.5267 	EXP 	fixation: autoDraw = False
106.5267 	EXP 	grating: autoDraw = False
106.5269 	EXP 	window1: recordFrameIntervals = False
107.5059 	EXP 	fixation: autoDraw = True
108.5097 	EXP 	fixation: autoDraw = False
108.5097 	EXP 	grating: autoDraw = True
108.5097 	EXP 	grating: tex = 'sin'
108.8095 	EXP 	grating: autoDraw = False
109.1274 	EXP 	window1: recordFrameIntervals = False
109.1283 	DATA 	Keypress: right
109.1423 	EXP 	fixation: autoDraw = False
109.1423 	EXP 	grating: autoDraw = False
109.1425 	EXP 	window1: recordFrameIntervals = False
110.1211 	EXP 	fixation: autoDraw = True
111.1253 	EXP 	fixation: autoDraw = False
111.1253 	EXP 	grating: autoDraw = True
111.1253 	EXP 	grating: tex = 'sin'
111.4251 	EXP 	grating: autoDraw = False
111.8776 	EXP 	window1: recordFrameIntervals = False
111.8786 	DATA 	Keypress: right
111.8916 	EXP 	fixation: autoDraw = False
111.8916 	EXP 	grating: autoDraw = False
111.8917 	EXP 	window1: recordFrameIntervals = False
112.8713 	EXP 	fixation: autoDraw = True
113.8745 	EXP 	fixation: autoDraw = False
113.8745 	EXP 	grating: autoDraw = True
113.8745 	EXP 	grating: tex = 'sin'
114.1743 	EXP 	grating: autoDraw = False
114.3264 	EXP 	window1: recordFrameIntervals = False
114.3275 	DATA 	Keypress: left
114.3407 	EXP 	fixation: autoDraw = False
114.3407 	EXP 	grating: autoDraw = False
114.3408 	EXP 	window1: recordFrameIntervals = False
115.3194 	EXP 	fixation: autoDraw = True
116.3235 	EXP 	fixation: autoDraw = False
116.3235 	EXP 	grating: autoDraw = True
116.3235 	EXP 	grating: tex = 'sin'
116.6232 	EXP 	grating: autoDraw = False
116.9597 	EXP 	window1: recordFrameIntervals = False
116.9609 	DATA 	Keypress: right
116.9734 	EXP 	fixation: autoDraw = False
116.9734 	EXP 	grating: autoDraw = False
116.9736 	EXP 	window1: recordFrameIntervals = False
117.9533 	EXP 	fixation: autoDraw = True
118.9561 	EXP 	fixation: autoDraw = False
118.9561 	EXP 	grating: autoDraw = True
118.9561 	EXP 	grating: tex = 'sin'
119.2559 	EXP 	grating: autoDraw = False
119.5587 	EXP 	window1: recordFrameIntervals = False
119.5599 	DATA 	Keypress: right
119.5724 	EXP 	fixation: autoDraw = False
119.5724 	EXP 	grating: autoDraw = False
119.5726 	EXP 	window1: recordFrameIntervals = False
120.5526 	EXP 	fixation: autoDraw = True
121.5552 	EXP 	fixation: autoDraw = False
121.5552 	EXP 	grating: autoDraw = True
121.5552 	EXP 	grating: tex = 'sin'
121.8550 	EXP 	grating: autoDraw = False
122.0741 	EXP 	window1: recordFrameIntervals = False
122.0752 	DATA 	Keypress: left
122.0882 	EXP 	fixation: autoDraw = False
122.0882 	EXP 	grating: autoDraw = False
122.0884 	EXP 	window1: recordFrameIntervals = False
123.0690 	EXP 	fixation: autoDraw = True
124.0711 	EXP 	fixation: autoDraw = False
124.0711 	EXP 	grating: autoDraw = True
124.0711 	EXP 	grating: tex = 'sin'
124.3708 	EXP 	grating: autoDraw = False
124.6063 	EXP 	window1: recordFrameIntervals = False
124.6074 	DATA 	Keypress: right
124.6205 	EXP 	fixation: autoDraw = False
124.6205 	EXP 	grating: autoDraw = False
124.6207 	EXP 	window1: recordFrameIntervals = False
125.5997 	EXP 	fixation: autoDraw = True
126.6036 	EXP 	fixation: autoDraw = False
126.6036 	EXP 	grating: autoDraw = True
126.6036 	EXP 	grating: tex = 'sin'
126.9031 	EXP 	grating: autoDraw = False
127.2727 	EXP 	window1: recordFrameIntervals = False
127.2736 	DATA 	Keypress: left
127.2864 	EXP 	fixation: autoDraw = False
127.2864 	EXP 	grating: autoDraw = False
127.2866 	EXP 	window1: recordFrameIntervals = False
128.2669 	EXP 	fixation: autoDraw = True
129.2692 	EXP 	fixation: autoDraw = False
129.2692 	EXP 	grating: autoDraw = True
129.2692 	EXP 	grating: tex = 'sin'
129.5687 	EXP 	grating: autoDraw = False
129.9549 	EXP 	window1: recordFrameIntervals = False
129.9560 	DATA 	Keypress: left
129.9688 	EXP 	fixation: autoDraw = False
129.9688 	EXP 	grating: autoDraw = False
129.9689 	EXP 	window1: recordFrameIntervals = False
130.9490 	EXP 	fixation: autoDraw = True
131.9515 	EXP 	fixation: autoDraw = False
131.9515 	EXP 	grating: autoDraw = True
131.9515 	EXP 	grating: tex = 'sin'
132.2512 	EXP 	grating: autoDraw = False
132.8368 	EXP 	window1: recordFrameIntervals = False
132.8378 	DATA 	Keypress: right
132.8512 	EXP 	fixation: autoDraw = False
132.8512 	EXP 	grating: autoDraw = False
132.8516 	EXP 	window1: recordFrameIntervals = False
133.8299 	EXP 	fixation: autoDraw = True
134.8340 	EXP 	fixation: autoDraw = False
134.8340 	EXP 	grating: autoDraw = True
134.8340 	EXP 	grating: tex = 'sin'
135.1338 	EXP 	grating: autoDraw = False
135.4689 	EXP 	window1: recordFrameIntervals = False
135.4701 	DATA 	Keypress: right
135.4836 	EXP 	fixation: autoDraw = False
135.4836 	EXP 	grating: autoDraw = False
135.4840 	EXP 	window1: recordFrameIntervals = False
136.4628 	EXP 	fixation: autoDraw = True
137.4664 	EXP 	fixation: autoDraw = False
137.4664 	EXP 	grating: autoDraw = True
137.4664 	EXP 	grating: tex = 'sin'
137.7662 	EXP 	grating: autoDraw = False
138.1187 	EXP 	window1: recordFrameIntervals = False
138.1201 	DATA 	Keypress: left
138.1330 	EXP 	fixation: autoDraw = False
138.1330 	EXP 	grating: autoDraw = False
138.1332 	EXP 	window1: recordFrameIntervals = False
139.1119 	EXP 	fixation: autoDraw = True
140.1157 	EXP 	fixation: autoDraw = False
140.1157 	EXP 	grating: autoDraw = True
140.1157 	EXP 	grating: tex = 'sin'
140.4153 	EXP 	grating: autoDraw = False
140.9343 	EXP 	window1: recordFrameIntervals = False
140.9354 	DATA 	Keypress: left
140.9483 	EXP 	fixation: autoDraw = False
140.9483 	EXP 	grating: autoDraw = False
140.9485 	EXP 	window1: recordFrameIntervals = False
141.9270 	EXP 	fixation: autoDraw = True
142.9312 	EXP 	fixation: autoDraw = False
142.9312 	EXP 	grating: autoDraw = True
142.9312 	EXP 	grating: tex = 'sin'
143.2310 	EXP 	grating: autoDraw = False
143.5000 	EXP 	window1: recordFrameIntervals = False
143.5012 	DATA 	Keypress: left
143.5144 	EXP 	fixation: autoDraw = False
143.5144 	EXP 	grating: autoDraw = False
143.5146 	EXP 	window1: recordFrameIntervals = False
144.4943 	EXP 	fixation: autoDraw = True
145.4971 	EXP 	fixation: autoDraw = False
145.4971 	EXP 	grating: autoDraw = True
145.4971 	EXP 	grating: tex = 'sin'
145.7970 	EXP 	grating: autoDraw = False
146.0317 	EXP 	window1: recordFrameIntervals = False
146.0326 	DATA 	Keypress: left
146.0467 	EXP 	fixation: autoDraw = False
146.0467 	EXP 	grating: autoDraw = False
146.0468 	EXP 	window1: recordFrameIntervals = False
147.0258 	EXP 	fixation: autoDraw = True
148.0298 	EXP 	fixation: autoDraw = False
148.0298 	EXP 	grating: autoDraw = True
148.0298 	EXP 	grating: tex = 'sin'
148.3293 	EXP 	grating: autoDraw = False
148.6986 	EXP 	window1: recordFrameIntervals = False
148.6997 	DATA 	Keypress: right
148.7126 	EXP 	fixation: autoDraw = False
148.7126 	EXP 	grating: autoDraw = False
148.7128 	EXP 	window1: recordFrameIntervals = False
149.6923 	EXP 	fixation: autoDraw = True
150.6953 	EXP 	fixation: autoDraw = False
150.6953 	EXP 	grating: autoDraw = True
150.6953 	EXP 	grating: tex = 'sin'
150.9951 	EXP 	grating: autoDraw = False
151.3141 	EXP 	window1: recordFrameIntervals = False
151.3152 	DATA 	Keypress: right
151.3283 	EXP 	fixation: autoDraw = False
151.3283 	EXP 	grating: autoDraw = False
151.3285 	EXP 	window1: recordFrameIntervals = False
152.3076 	EXP 	fixation: autoDraw = True
153.3112 	EXP 	fixation: autoDraw = False
153.3112 	EXP 	grating: autoDraw = True
153.3112 	EXP 	grating: tex = 'sin'
153.6108 	EXP 	grating: autoDraw = False
154.0300 	EXP 	window1: recordFrameIntervals = False
154.0311 	DATA 	Keypress: right
154.0440 	EXP 	fixation: autoDraw = False
154.0440 	EXP 	grating: autoDraw = False
154.0442 	EXP 	window1: recordFrameIntervals = False
155.0237 	EXP 	fixation: autoDraw = True
156.0268 	EXP 	fixation: autoDraw = False
156.0268 	EXP 	grating: autoDraw = True
156.0268 	EXP 	grating: tex = 'sin'
156.3265 	EXP 	grating: autoDraw = False
156.7952 	EXP 	window1: recordFrameIntervals = False
156.7963 	DATA 	Keypress: left
156.8098 	EXP 	fixation: autoDraw = False
156.8098 	EXP 	grating: autoDraw = False
156.8100 	EXP 	window1: recordFrameIntervals = False
157.7894 	EXP 	fixation: autoDraw = True
158.7926 	EXP 	fixation: autoDraw = False
158.7926 	EXP 	grating: autoDraw = True
158.7926 	EXP 	grating: tex = 'sin'
159.0924 	EXP 	grating: autoDraw = False
159.2616 	EXP 	window1: recordFrameIntervals = False
159.2629 	DATA 	Keypress: right
159.2756 	EXP 	fixation: autoDraw = False
159.2756 	EXP 	grating: autoDraw = False
159.2758 	EXP 	window1: recordFrameIntervals = False
160.2553 	EXP 	fixation: autoDraw = True
161.2585 	EXP 	fixation: autoDraw = False
161.2585 	EXP 	grating: autoDraw = True
161.2585 	EXP 	grating: tex = 'sin'
161.5582 	EXP 	grating: autoDraw = False
161.7770 	EXP 	window1: recordFrameIntervals = False
161.7781 	DATA 	Keypress: right
161.7916 	EXP 	fixation: autoDraw = False
161.7916 	EXP 	grating: autoDraw = False
161.7918 	EXP 	window1: recordFrameIntervals = False
162.7705 	EXP 	fixation: autoDraw = True
163.7743 	EXP 	fixation: autoDraw = False
163.7743 	EXP 	grating: autoDraw = True
163.7743 	EXP 	grating: tex = 'sin'
164.0741 	EXP 	grating: autoDraw = False
164.2100 	EXP 	window1: recordFrameIntervals = False
164.2114 	DATA 	Keypress: left
164.2239 	EXP 	fixation: autoDraw = False
164.2239 	EXP 	grating: autoDraw = False
164.2241 	EXP 	window1: recordFrameIntervals = False
165.2034 	EXP 	fixation: autoDraw = True
166.2070 	EXP 	fixation: autoDraw = False
166.2070 	EXP 	grating: autoDraw = True
166.2070 	EXP 	grating: tex = 'sin'
166.5065 	EXP 	grating: autoDraw = False
166.9077 	EXP 	window1: recordFrameIntervals = False
166.9084 	DATA 	Keypress: right
166.9230 	EXP 	fixation: autoDraw = False
166.9230 	EXP 	grating: autoDraw = False
166.9231 	EXP 	window1: recordFrameIntervals = False
167.9015 	EXP 	fixation: autoDraw = True
168.9058 	EXP 	fixation: autoDraw = False
168.9058 	EXP 	grating: autoDraw = True
168.9058 	EXP 	grating: tex = 'sin'
169.2057 	EXP 	grating: autoDraw = False
169.3909 	EXP 	window1: recordFrameIntervals = False
169.3919 	DATA 	Keypress: left
169.4056 	EXP 	fixation: autoDraw = False
169.4056 	EXP 	grating: autoDraw = False
169.4058 	EXP 	window1: recordFrameIntervals = False
170.3840 	EXP 	fixation: autoDraw = True
171.3886 	EXP 	fixation: autoDraw = False
171.3886 	EXP 	grating: autoDraw = True
171.3886 	EXP 	grating: tex = 'sin'
171.6881 	EXP 	grating: autoDraw = False
171.9237 	EXP 	window1: recordFrameIntervals = False
171.9251 	DATA 	Keypress: left
171.9378 	EXP 	fixation: autoDraw = False
171.9378 	EXP 	grating: autoDraw = False
171.9381 	EXP 	window1: recordFrameIntervals = False
172.9175 	EXP 	fixation: autoDraw = True
173.9206 	EXP 	fixation: autoDraw = False
173.9206 	EXP 	grating: autoDraw = True
173.9206 	EXP 	grating: tex = 'sin'
174.2205 	EXP 	grating: autoDraw = False
174.5715 	EXP 	window1: recordFrameIntervals = False
174.5720 	DATA 	Keypress: right
174.5869 	EXP 	fixation: autoDraw = False
174.5869 	EXP 	grating: autoDraw = False
174.5871 	EXP 	window1: recordFrameIntervals = False
175.5656 	EXP 	fixation: autoDraw = True
176.5699 	EXP 	fixation: autoDraw = False
176.5699 	EXP 	grating: autoDraw = True
176.5699 	EXP 	grating: tex = 'sin'
176.8697 	EXP 	grating: autoDraw = False
177.1382 	EXP 	window1: recordFrameIntervals = False
177.1395 	DATA 	Keypress: left
177.1528 	EXP 	fixation: autoDraw = False
177.1528 	EXP 	grating: autoDraw = False
177.1530 	EXP 	window1: recordFrameIntervals = False
178.1327 	EXP 	fixation: autoDraw = True
179.1357 	EXP 	fixation: autoDraw = False
179.1357 	EXP 	grating: autoDraw = True
179.1357 	EXP 	grating: tex = 'sin'
179.4356 	EXP 	grating: autoDraw = False
179.5713 	EXP 	window1: recordFrameIntervals = False
179.5726 	DATA 	Keypress: left
179.5855 	EXP 	fixation: autoDraw = False
179.5855 	EXP 	grating: autoDraw = False
179.5858 	EXP 	window1: recordFrameIntervals = False
180.5653 	EXP 	fixation: autoDraw = True
181.5683 	EXP 	fixation: autoDraw = False
181.5683 	EXP 	grating: autoDraw = True
181.5683 	EXP 	grating: tex = 'sin'
181.8683 	EXP 	grating: autoDraw = False
182.1204 	EXP 	window1: recordFrameIntervals = False
182.1218 	DATA 	Keypress: right
182.1346 	EXP 	fixation: autoDraw = False
182.1346 	EXP 	grating: autoDraw = False
182.1348 	EXP 	window1: recordFrameIntervals = False
183.1141 	EXP 	fixation: autoDraw = True
184.1174 	EXP 	fixation: autoDraw = False
184.1174 	EXP 	grating: autoDraw = True
184.1174 	EXP 	grating: tex = 'sin'
184.4172 	EXP 	grating: autoDraw = False
184.7530 	EXP 	window1: recordFrameIntervals = False
184.7542 	DATA 	Keypress: right
184.7670 	EXP 	fixation: autoDraw = False
184.7670 	EXP 	grating: autoDraw = False
184.7673 	EXP 	window1: recordFrameIntervals = False
185.7469 	EXP 	fixation: autoDraw = True
186.7498 	EXP 	fixation: autoDraw = False
186.7498 	EXP 	grating: autoDraw = True
186.7498 	EXP 	grating: tex = 'sin'
187.0493 	EXP 	grating: autoDraw = False
187.4675 	EXP 	window1: recordFrameIntervals = False
187.4684 	DATA 	Keypress: right
187.4829 	EXP 	fixation: autoDraw = False
187.4829 	EXP 	grating: autoDraw = False
187.4831 	EXP 	window1: recordFrameIntervals = False
188.4600 	EXP 	fixation: autoDraw = True
189.4656 	EXP 	fixation: autoDraw = False
189.4656 	EXP 	grating: autoDraw = True
189.4656 	EXP 	grating: tex = 'sin'
189.7654 	EXP 	grating: autoDraw = False
189.9513 	EXP 	window1: recordFrameIntervals = False
189.9524 	DATA 	Keypress: left
189.9653 	EXP 	fixation: autoDraw = False
189.9653 	EXP 	grating: autoDraw = False
189.9655 	EXP 	window1: recordFrameIntervals = False
190.9449 	EXP 	fixation: autoDraw = True
191.9481 	EXP 	fixation: autoDraw = False
191.9481 	EXP 	grating: autoDraw = True
191.9481 	EXP 	grating: tex = 'sin'
192.2479 	EXP 	grating: autoDraw = False
192.3666 	EXP 	window1: recordFrameIntervals = False
192.3676 	DATA 	Keypress: right
192.3811 	EXP 	fixation: autoDraw = False
192.3811 	EXP 	grating: autoDraw = False
192.3813 	EXP 	window1: recordFrameIntervals = False
193.3604 	EXP 	fixation: autoDraw = True
194.3638 	EXP 	fixation: autoDraw = False
194.3638 	EXP 	grating: autoDraw = True
194.3638 	EXP 	grating: tex = 'sin'
194.6637 	EXP 	grating: autoDraw = False
194.9326 	EXP 	window1: recordFrameIntervals = False
194.9338 	DATA 	Keypress: right
194.9469 	EXP 	fixation: autoDraw = False
194.9469 	EXP 	grating: autoDraw = False
194.9472 	EXP 	window1: recordFrameIntervals = False
195.9254 	EXP 	fixation: autoDraw = True
196.9299 	EXP 	fixation: autoDraw = False
196.9299 	EXP 	grating: autoDraw = True
196.9299 	EXP 	grating: tex = 'sin'
197.2296 	EXP 	grating: autoDraw = False
197.6709 	EXP 	window1: recordFrameIntervals = False
197.6715 	DATA 	Keypress: left
197.6740 	EXP 	fixation: autoDraw = False
197.6740 	EXP 	grating: autoDraw = False
197.6741 	EXP 	window1: recordFrameIntervals = False
198.6647 	EXP 	fixation: autoDraw = True
199.6619 	EXP 	fixation: autoDraw = False
199.6789 	EXP 	grating: autoDraw = True
199.6789 	EXP 	grating: tex = 'sin'
199.9786 	EXP 	grating: autoDraw = False
200.2309 	EXP 	window1: recordFrameIntervals = False
200.2321 	DATA 	Keypress: left
200.2452 	EXP 	fixation: autoDraw = False
200.2452 	EXP 	grating: autoDraw = False
200.2454 	EXP 	window1: recordFrameIntervals = False
201.2244 	EXP 	fixation: autoDraw = True
202.2278 	EXP 	fixation: autoDraw = False
202.2278 	EXP 	grating: autoDraw = True
202.2278 	EXP 	grating: tex = 'sin'
202.5278 	EXP 	grating: autoDraw = False
202.7637 	EXP 	window1: recordFrameIntervals = False
202.7649 	DATA 	Keypress: right
202.7776 	EXP 	fixation: autoDraw = False
202.7776 	EXP 	grating: autoDraw = False
202.7778 	EXP 	window1: recordFrameIntervals = False
203.7570 	EXP 	fixation: autoDraw = True
204.7604 	EXP 	fixation: autoDraw = False
204.7604 	EXP 	grating: autoDraw = True
204.7604 	EXP 	grating: tex = 'sin'
205.0600 	EXP 	grating: autoDraw = False
205.4447 	EXP 	window1: recordFrameIntervals = False
205.4456 	DATA 	Keypress: right
205.4601 	EXP 	fixation: autoDraw = False
205.4601 	EXP 	grating: autoDraw = False
205.4602 	EXP 	window1: recordFrameIntervals = False
206.4386 	EXP 	fixation: autoDraw = True
207.4429 	EXP 	fixation: autoDraw = False
207.4429 	EXP 	grating: autoDraw = True
207.4429 	EXP 	grating: tex = 'sin'
207.7426 	EXP 	grating: autoDraw = False
208.0785 	EXP 	window1: recordFrameIntervals = False
208.0799 	DATA 	Keypress: right
208.0926 	EXP 	fixation: autoDraw = False
208.0926 	EXP 	grating: autoDraw = False
208.0929 	EXP 	window1: recordFrameIntervals = False
209.0718 	EXP 	fixation: autoDraw = True
210.0752 	EXP 	fixation: autoDraw = False
210.0752 	EXP 	grating: autoDraw = True
210.0752 	EXP 	grating: tex = 'sin'
210.3751 	EXP 	grating: autoDraw = False
210.4940 	EXP 	window1: recordFrameIntervals = False
210.4950 	DATA 	Keypress: left
210.5083 	EXP 	fixation: autoDraw = False
210.5083 	EXP 	grating: autoDraw = False
210.5086 	EXP 	window1: recordFrameIntervals = False
211.4880 	EXP 	fixation: autoDraw = True
212.4913 	EXP 	fixation: autoDraw = False
212.4913 	EXP 	grating: autoDraw = True
212.4913 	EXP 	grating: tex = 'sin'
212.7908 	EXP 	grating: autoDraw = False
213.0433 	EXP 	window1: recordFrameIntervals = False
213.0444 	DATA 	Keypress: right
213.0573 	EXP 	fixation: autoDraw = False
213.0573 	EXP 	grating: autoDraw = False
213.0575 	EXP 	window1: recordFrameIntervals = False
214.0367 	EXP 	fixation: autoDraw = True
215.0401 	EXP 	fixation: autoDraw = False
215.0401 	EXP 	grating: autoDraw = True
215.0401 	EXP 	grating: tex = 'sin'
215.3398 	EXP 	grating: autoDraw = False
215.7421 	EXP 	window1: recordFrameIntervals = False
215.7431 	DATA 	Keypress: right
215.7566 	EXP 	fixation: autoDraw = False
215.7566 	EXP 	grating: autoDraw = False
215.7568 	EXP 	window1: recordFrameIntervals = False
216.7353 	EXP 	fixation: autoDraw = True
217.7394 	EXP 	fixation: autoDraw = False
217.7394 	EXP 	grating: autoDraw = True
217.7394 	EXP 	grating: tex = 'sin'
218.0392 	EXP 	grating: autoDraw = False
218.1733 	EXP 	window1: recordFrameIntervals = False
218.1738 	DATA 	Keypress: left
218.1891 	EXP 	fixation: autoDraw = False
218.1891 	EXP 	grating: autoDraw = False
218.1893 	EXP 	window1: recordFrameIntervals = False
219.1668 	EXP 	fixation: autoDraw = True
220.1719 	EXP 	fixation: autoDraw = False
220.1719 	EXP 	grating: autoDraw = True
220.1719 	EXP 	grating: tex = 'sin'
220.4717 	EXP 	grating: autoDraw = False
220.7069 	EXP 	window1: recordFrameIntervals = False
220.7083 	DATA 	Keypress: left
220.7215 	EXP 	fixation: autoDraw = False
220.7215 	EXP 	grating: autoDraw = False
220.7216 	EXP 	window1: recordFrameIntervals = False
221.7003 	EXP 	fixation: autoDraw = True
222.7045 	EXP 	fixation: autoDraw = False
222.7045 	EXP 	grating: autoDraw = True
222.7045 	EXP 	grating: tex = 'sin'
223.0042 	EXP 	grating: autoDraw = False
223.1894 	EXP 	window1: recordFrameIntervals = False
223.1904 	DATA 	Keypress: left
223.2041 	EXP 	fixation: autoDraw = False
223.2041 	EXP 	grating: autoDraw = False
223.2043 	EXP 	window1: recordFrameIntervals = False
224.1829 	EXP 	fixation: autoDraw = True
225.1867 	EXP 	fixation: autoDraw = False
225.1867 	EXP 	grating: autoDraw = True
225.1867 	EXP 	grating: tex = 'sin'
225.4868 	EXP 	grating: autoDraw = False
225.8549 	EXP 	window1: recordFrameIntervals = False
225.8557 	DATA 	Keypress: right
225.8696 	EXP 	fixation: autoDraw = False
225.8696 	EXP 	grating: autoDraw = False
225.8698 	EXP 	window1: recordFrameIntervals = False
226.8478 	EXP 	fixation: autoDraw = True
227.8526 	EXP 	fixation: autoDraw = False
227.8526 	EXP 	grating: autoDraw = True
227.8526 	EXP 	grating: tex = 'sin'
228.1524 	EXP 	grating: autoDraw = False
228.2724 	EXP 	window1: recordFrameIntervals = False
228.2734 	DATA 	Keypress: left
228.2856 	EXP 	fixation: autoDraw = False
228.2856 	EXP 	grating: autoDraw = False
228.2858 	EXP 	window1: recordFrameIntervals = False
229.2657 	EXP 	fixation: autoDraw = True
230.2686 	EXP 	fixation: autoDraw = False
230.2686 	EXP 	grating: autoDraw = True
230.2686 	EXP 	grating: tex = 'sin'
230.5683 	EXP 	grating: autoDraw = False
230.8403 	EXP 	window1: recordFrameIntervals = False
230.8416 	DATA 	Keypress: right
230.8516 	EXP 	fixation: autoDraw = False
230.8516 	EXP 	grating: autoDraw = False
230.8518 	EXP 	window1: recordFrameIntervals = False
231.8340 	EXP 	fixation: autoDraw = True
232.8340 	EXP 	fixation: autoDraw = False
232.8510 	EXP 	grating: autoDraw = True
232.8510 	EXP 	grating: tex = 'sin'
233.1509 	EXP 	grating: autoDraw = False
233.4872 	EXP 	window1: recordFrameIntervals = False
233.4884 	DATA 	Keypress: right
233.5004 	EXP 	fixation: autoDraw = False
233.5004 	EXP 	grating: autoDraw = False
233.5007 	EXP 	window1: recordFrameIntervals = False
234.4807 	EXP 	fixation: autoDraw = True
235.4835 	EXP 	fixation: autoDraw = False
235.4835 	EXP 	grating: autoDraw = True
235.4835 	EXP 	grating: tex = 'sin'
235.7832 	EXP 	grating: autoDraw = False
236.0351 	EXP 	window1: recordFrameIntervals = False
236.0361 	DATA 	Keypress: right
236.0496 	EXP 	fixation: autoDraw = False
236.0496 	EXP 	grating: autoDraw = False
236.0498 	EXP 	window1: recordFrameIntervals = False
237.0290 	EXP 	fixation: autoDraw = True
238.0328 	EXP 	fixation: autoDraw = False
238.0328 	EXP 	grating: autoDraw = True
238.0328 	EXP 	grating: tex = 'sin'
238.3322 	EXP 	grating: autoDraw = False
238.5011 	EXP 	window1: recordFrameIntervals = False
238.5021 	DATA 	Keypress: left
238.5155 	EXP 	fixation: autoDraw = False
238.5155 	EXP 	grating: autoDraw = False
238.5157 	EXP 	window1: recordFrameIntervals = False
239.4941 	EXP 	fixation: autoDraw = True
240.4983 	EXP 	fixation: autoDraw = False
240.4983 	EXP 	grating: autoDraw = True
240.4983 	EXP 	grating: tex = 'sin'
240.7982 	EXP 	grating: autoDraw = False
241.0165 	EXP 	window1: recordFrameIntervals = False
241.0174 	DATA 	Keypress: right
241.0315 	EXP 	fixation: autoDraw = False
241.0315 	EXP 	grating: autoDraw = False
241.0316 	EXP 	window1: recordFrameIntervals = False
242.0102 	EXP 	fixation: autoDraw = True
243.0142 	EXP 	fixation: autoDraw = False
243.0142 	EXP 	grating: autoDraw = True
243.0142 	EXP 	grating: tex = 'sin'
243.3139 	EXP 	grating: autoDraw = False
243.4652 	EXP 	window1: recordFrameIntervals = False
243.4660 	DATA 	Keypress: left
243.4804 	EXP 	fixation: autoDraw = False
243.4804 	EXP 	grating: autoDraw = False
243.4806 	EXP 	window1: recordFrameIntervals = False
244.4595 	EXP 	fixation: autoDraw = True
245.4632 	EXP 	fixation: autoDraw = False
245.4632 	EXP 	grating: autoDraw = True
245.4632 	EXP 	grating: tex = 'sin'
245.7630 	EXP 	grating: autoDraw = False
245.9985 	EXP 	window1: recordFrameIntervals = False
246.0018 	DATA 	Keypress: right
246.0130 	EXP 	fixation: autoDraw = False
246.0130 	EXP 	grating: autoDraw = False
246.0132 	EXP 	window1: recordFrameIntervals = False
246.9903 	EXP 	fixation: autoDraw = True
247.9958 	EXP 	fixation: autoDraw = False
247.9958 	EXP 	grating: autoDraw = True
247.9958 	EXP 	grating: tex = 'sin'
248.2956 	EXP 	grating: autoDraw = False
248.6143 	EXP 	window1: recordFrameIntervals = False
248.6155 	DATA 	Keypress: left
248.6288 	EXP 	fixation: autoDraw = False
248.6288 	EXP 	grating: autoDraw = False
248.6290 	EXP 	window1: recordFrameIntervals = False
249.6074 	EXP 	fixation: autoDraw = True
250.6117 	EXP 	fixation: autoDraw = False
250.6117 	EXP 	grating: autoDraw = True
250.6117 	EXP 	grating: tex = 'sin'
250.9114 	EXP 	grating: autoDraw = False
251.0629 	EXP 	window1: recordFrameIntervals = False
251.0637 	DATA 	Keypress: right
251.0780 	EXP 	fixation: autoDraw = False
251.0780 	EXP 	grating: autoDraw = False
251.0781 	EXP 	window1: recordFrameIntervals = False
252.0573 	EXP 	fixation: autoDraw = True
253.0609 	EXP 	fixation: autoDraw = False
253.0609 	EXP 	grating: autoDraw = True
253.0609 	EXP 	grating: tex = 'sin'
253.3607 	EXP 	grating: autoDraw = False
253.5632 	EXP 	window1: recordFrameIntervals = False
253.5641 	DATA 	Keypress: right
253.5772 	EXP 	fixation: autoDraw = False
253.5772 	EXP 	grating: autoDraw = False
253.5773 	EXP 	window1: recordFrameIntervals = False
254.5572 	EXP 	fixation: autoDraw = True
255.5600 	EXP 	fixation: autoDraw = False
255.5600 	EXP 	grating: autoDraw = True
255.5600 	EXP 	grating: tex = 'sin'
255.8597 	EXP 	grating: autoDraw = False
256.0283 	EXP 	window1: recordFrameIntervals = False
256.0293 	DATA 	Keypress: left
256.0430 	EXP 	fixation: autoDraw = False
256.0430 	EXP 	grating: autoDraw = False
256.0431 	EXP 	window1: recordFrameIntervals = False
257.0225 	EXP 	fixation: autoDraw = True
258.0258 	EXP 	fixation: autoDraw = False
258.0258 	EXP 	grating: autoDraw = True
258.0258 	EXP 	grating: tex = 'sin'
258.3256 	EXP 	grating: autoDraw = False
258.6942 	EXP 	window1: recordFrameIntervals = False
258.6952 	DATA 	Keypress: right
258.7089 	EXP 	fixation: autoDraw = False
258.7089 	EXP 	grating: autoDraw = False
258.7090 	EXP 	window1: recordFrameIntervals = False
259.6889 	EXP 	fixation: autoDraw = True
260.6914 	EXP 	fixation: autoDraw = False
260.6914 	EXP 	grating: autoDraw = True
260.6914 	EXP 	grating: tex = 'sin'
260.9917 	EXP 	grating: autoDraw = False
261.0599 	EXP 	window1: recordFrameIntervals = False
261.0610 	DATA 	Keypress: left
261.0747 	EXP 	fixation: autoDraw = False
261.0747 	EXP 	grating: autoDraw = False
261.0749 	EXP 	window1: recordFrameIntervals = False
262.0545 	EXP 	fixation: autoDraw = True
263.0573 	EXP 	fixation: autoDraw = False
263.0573 	EXP 	grating: autoDraw = True
263.0573 	EXP 	grating: tex = 'sin'
263.3572 	EXP 	grating: autoDraw = False
263.5261 	EXP 	window1: recordFrameIntervals = False
263.5272 	DATA 	Keypress: right
263.5405 	EXP 	fixation: autoDraw = False
263.5405 	EXP 	grating: autoDraw = False
263.5407 	EXP 	window1: recordFrameIntervals = False
264.5197 	EXP 	fixation: autoDraw = True
265.5233 	EXP 	fixation: autoDraw = False
265.5233 	EXP 	grating: autoDraw = True
265.5233 	EXP 	grating: tex = 'sin'
265.8229 	EXP 	grating: autoDraw = False
265.9418 	EXP 	window1: recordFrameIntervals = False
265.9430 	DATA 	Keypress: left
265.9561 	EXP 	fixation: autoDraw = False
265.9561 	EXP 	grating: autoDraw = False
265.9563 	EXP 	window1: recordFrameIntervals = False
266.9359 	EXP 	fixation: autoDraw = True
267.9390 	EXP 	fixation: autoDraw = False
267.9390 	EXP 	grating: autoDraw = True
267.9390 	EXP 	grating: tex = 'sin'
268.2389 	EXP 	grating: autoDraw = False
268.3745 	EXP 	window1: recordFrameIntervals = False
268.3755 	DATA 	Keypress: right
268.3889 	EXP 	fixation: autoDraw = False
268.3889 	EXP 	grating: autoDraw = False
268.3891 	EXP 	window1: recordFrameIntervals = False
269.3684 	EXP 	fixation: autoDraw = True
270.3716 	EXP 	fixation: autoDraw = False
270.3716 	EXP 	grating: autoDraw = True
270.3716 	EXP 	grating: tex = 'sin'
270.6714 	EXP 	grating: autoDraw = False
270.7896 	EXP 	window1: recordFrameIntervals = False
270.7905 	DATA 	Keypress: left
270.8052 	EXP 	fixation: autoDraw = False
270.8052 	EXP 	grating: autoDraw = False
270.8053 	EXP 	window1: recordFrameIntervals = False
271.7833 	EXP 	fixation: autoDraw = True
272.7877 	EXP 	fixation: autoDraw = False
272.7877 	EXP 	grating: autoDraw = True
272.7877 	EXP 	grating: tex = 'sin'
273.0872 	EXP 	grating: autoDraw = False
273.2562 	EXP 	window1: recordFrameIntervals = False
273.2574 	DATA 	Keypress: left
273.2707 	EXP 	fixation: autoDraw = False
273.2707 	EXP 	grating: autoDraw = False
273.2709 	EXP 	window1: recordFrameIntervals = False
274.2506 	EXP 	fixation: autoDraw = True
275.2535 	EXP 	fixation: autoDraw = False
275.2535 	EXP 	grating: autoDraw = True
275.2535 	EXP 	grating: tex = 'sin'
275.5531 	EXP 	grating: autoDraw = False
275.7552 	EXP 	window1: recordFrameIntervals = False
275.7563 	DATA 	Keypress: left
275.7697 	EXP 	fixation: autoDraw = False
275.7697 	EXP 	grating: autoDraw = False
275.7699 	EXP 	window1: recordFrameIntervals = False
276.7491 	EXP 	fixation: autoDraw = True
277.7525 	EXP 	fixation: autoDraw = False
277.7525 	EXP 	grating: autoDraw = True
277.7525 	EXP 	grating: tex = 'sin'
278.0523 	EXP 	grating: autoDraw = False
278.3710 	EXP 	window1: recordFrameIntervals = False
278.3719 	DATA 	Keypress: left
278.3856 	EXP 	fixation: autoDraw = False
278.3856 	EXP 	grating: autoDraw = False
278.3858 	EXP 	window1: recordFrameIntervals = False
279.3651 	EXP 	fixation: autoDraw = True
280.3683 	EXP 	fixation: autoDraw = False
280.3683 	EXP 	grating: autoDraw = True
280.3683 	EXP 	grating: tex = 'sin'
280.6681 	EXP 	grating: autoDraw = False
280.8376 	EXP 	window1: recordFrameIntervals = False
280.8388 	DATA 	Keypress: right
280.8512 	EXP 	fixation: autoDraw = False
280.8512 	EXP 	grating: autoDraw = False
280.8514 	EXP 	window1: recordFrameIntervals = False
281.8318 	EXP 	fixation: autoDraw = True
282.8348 	EXP 	fixation: autoDraw = False
282.8348 	EXP 	grating: autoDraw = True
282.8348 	EXP 	grating: tex = 'sin'
283.1343 	EXP 	grating: autoDraw = False
283.5862 	EXP 	window1: recordFrameIntervals = False
283.5873 	DATA 	Keypress: left
283.6004 	EXP 	fixation: autoDraw = False
283.6004 	EXP 	grating: autoDraw = False
283.6006 	EXP 	window1: recordFrameIntervals = False
284.5800 	EXP 	fixation: autoDraw = True
285.5832 	EXP 	fixation: autoDraw = False
285.5832 	EXP 	grating: autoDraw = True
285.5832 	EXP 	grating: tex = 'sin'
285.8830 	EXP 	grating: autoDraw = False
286.0682 	EXP 	window1: recordFrameIntervals = False
286.0691 	DATA 	Keypress: right
286.0827 	EXP 	fixation: autoDraw = False
286.0827 	EXP 	grating: autoDraw = False
286.0829 	EXP 	window1: recordFrameIntervals = False
287.0622 	EXP 	fixation: autoDraw = True
288.0657 	EXP 	fixation: autoDraw = False
288.0657 	EXP 	grating: autoDraw = True
288.0657 	EXP 	grating: tex = 'sin'
288.3656 	EXP 	grating: autoDraw = False
288.6675 	EXP 	window1: recordFrameIntervals = False
288.6683 	DATA 	Keypress: right
288.6821 	EXP 	fixation: autoDraw = False
288.6821 	EXP 	grating: autoDraw = False
288.6822 	EXP 	window1: recordFrameIntervals = False
289.6609 	EXP 	fixation: autoDraw = True
290.6648 	EXP 	fixation: autoDraw = False
290.6648 	EXP 	grating: autoDraw = True
290.6648 	EXP 	grating: tex = 'sin'
290.9645 	EXP 	grating: autoDraw = False
291.0666 	EXP 	window1: recordFrameIntervals = False
291.0676 	DATA 	Keypress: left
291.0814 	EXP 	fixation: autoDraw = False
291.0814 	EXP 	grating: autoDraw = False
291.0815 	EXP 	window1: recordFrameIntervals = False
292.0606 	EXP 	fixation: autoDraw = True
293.0640 	EXP 	fixation: autoDraw = False
293.0640 	EXP 	grating: autoDraw = True
293.0640 	EXP 	grating: tex = 'sin'
293.3639 	EXP 	grating: autoDraw = False
293.6828 	EXP 	window1: recordFrameIntervals = False
293.6840 	DATA 	Keypress: right
293.6971 	EXP 	fixation: autoDraw = False
293.6971 	EXP 	grating: autoDraw = False
293.6973 	EXP 	window1: recordFrameIntervals = False
294.6765 	EXP 	fixation: autoDraw = True
295.6798 	EXP 	fixation: autoDraw = False
295.6798 	EXP 	grating: autoDraw = True
295.6798 	EXP 	grating: tex = 'sin'
295.9792 	EXP 	grating: autoDraw = False
296.2818 	EXP 	window1: recordFrameIntervals = False
296.2830 	DATA 	Keypress: left
296.2963 	EXP 	fixation: autoDraw = False
296.2963 	EXP 	grating: autoDraw = False
296.2965 	EXP 	window1: recordFrameIntervals = False
297.2760 	EXP 	fixation: autoDraw = True
298.2789 	EXP 	fixation: autoDraw = False
298.2789 	EXP 	grating: autoDraw = True
298.2789 	EXP 	grating: tex = 'sin'
298.5786 	EXP 	grating: autoDraw = False
299.0136 	EXP 	window1: recordFrameIntervals = False
299.0141 	DATA 	Keypress: right
299.0285 	EXP 	fixation: autoDraw = False
299.0285 	EXP 	grating: autoDraw = False
299.0286 	EXP 	window1: recordFrameIntervals = False
300.0066 	EXP 	fixation: autoDraw = True
301.0113 	EXP 	fixation: autoDraw = False
301.0113 	EXP 	grating: autoDraw = True
301.0113 	EXP 	grating: tex = 'sin'
301.3112 	EXP 	grating: autoDraw = False
301.4635 	EXP 	window1: recordFrameIntervals = False
301.4647 	DATA 	Keypress: left
301.4778 	EXP 	fixation: autoDraw = False
301.4778 	EXP 	grating: autoDraw = False
301.4780 	EXP 	window1: recordFrameIntervals = False
302.4560 	EXP 	fixation: autoDraw = True
303.4608 	EXP 	fixation: autoDraw = False
303.4608 	EXP 	grating: autoDraw = True
303.4608 	EXP 	grating: tex = 'sin'
303.7602 	EXP 	grating: autoDraw = False
304.1954 	EXP 	window1: recordFrameIntervals = False
304.1965 	DATA 	Keypress: left
304.2102 	EXP 	fixation: autoDraw = False
304.2102 	EXP 	grating: autoDraw = False
304.2105 	EXP 	window1: recordFrameIntervals = False
305.1892 	EXP 	fixation: autoDraw = True
306.1929 	EXP 	fixation: autoDraw = False
306.1929 	EXP 	grating: autoDraw = True
306.1929 	EXP 	grating: tex = 'sin'
306.4925 	EXP 	grating: autoDraw = False
306.8279 	EXP 	window1: recordFrameIntervals = False
306.8289 	DATA 	Keypress: right
306.8426 	EXP 	fixation: autoDraw = False
306.8426 	EXP 	grating: autoDraw = False
306.8427 	EXP 	window1: recordFrameIntervals = False
307.8203 	EXP 	fixation: autoDraw = True
308.8253 	EXP 	fixation: autoDraw = False
308.8253 	EXP 	grating: autoDraw = True
308.8253 	EXP 	grating: tex = 'sin'
309.1251 	EXP 	grating: autoDraw = False
309.3272 	EXP 	window1: recordFrameIntervals = False
309.3285 	DATA 	Keypress: left
309.3416 	EXP 	fixation: autoDraw = False
309.3416 	EXP 	grating: autoDraw = False
309.3418 	EXP 	window1: recordFrameIntervals = False
310.3203 	EXP 	fixation: autoDraw = True
311.3245 	EXP 	fixation: autoDraw = False
311.3245 	EXP 	grating: autoDraw = True
311.3245 	EXP 	grating: tex = 'sin'
311.6244 	EXP 	grating: autoDraw = False
312.0267 	EXP 	window1: recordFrameIntervals = False
312.0279 	DATA 	Keypress: right
312.0409 	EXP 	fixation: autoDraw = False
312.0409 	EXP 	grating: autoDraw = False
312.0411 	EXP 	window1: recordFrameIntervals = False
313.0199 	EXP 	fixation: autoDraw = True
314.0235 	EXP 	fixation: autoDraw = False
314.0235 	EXP 	grating: autoDraw = True
314.0235 	EXP 	grating: tex = 'sin'
314.3234 	EXP 	grating: autoDraw = False
314.5420 	EXP 	window1: recordFrameIntervals = False
314.5431 	DATA 	Keypress: left
314.5567 	EXP 	fixation: autoDraw = False
314.5567 	EXP 	grating: autoDraw = False
314.5569 	EXP 	window1: recordFrameIntervals = False
315.5365 	EXP 	fixation: autoDraw = True
316.5393 	EXP 	fixation: autoDraw = False
316.5393 	EXP 	grating: autoDraw = True
316.5393 	EXP 	grating: tex = 'sin'
316.8392 	EXP 	grating: autoDraw = False
317.2589 	EXP 	window1: recordFrameIntervals = False
317.2601 	DATA 	Keypress: right
317.2723 	EXP 	fixation: autoDraw = False
317.2723 	EXP 	grating: autoDraw = False
317.2725 	EXP 	window1: recordFrameIntervals = False
318.2516 	EXP 	fixation: autoDraw = True
319.2550 	EXP 	fixation: autoDraw = False
319.2550 	EXP 	grating: autoDraw = True
319.2550 	EXP 	grating: tex = 'sin'
319.5552 	EXP 	grating: autoDraw = False
319.7906 	EXP 	window1: recordFrameIntervals = False
319.7918 	DATA 	Keypress: left
319.8048 	EXP 	fixation: autoDraw = False
319.8048 	EXP 	grating: autoDraw = False
319.8049 	EXP 	window1: recordFrameIntervals = False
320.7851 	EXP 	fixation: autoDraw = True
321.7877 	EXP 	fixation: autoDraw = False
321.7877 	EXP 	grating: autoDraw = True
321.7877 	EXP 	grating: tex = 'sin'
322.0874 	EXP 	grating: autoDraw = False
322.3229 	EXP 	window1: recordFrameIntervals = False
322.3239 	DATA 	Keypress: right
322.3373 	EXP 	fixation: autoDraw = False
322.3373 	EXP 	grating: autoDraw = False
322.3374 	EXP 	window1: recordFrameIntervals = False
323.3162 	EXP 	fixation: autoDraw = True
324.3202 	EXP 	fixation: autoDraw = False
324.3202 	EXP 	grating: autoDraw = True
324.3202 	EXP 	grating: tex = 'sin'
324.6200 	EXP 	grating: autoDraw = False
324.9216 	DATA 	Keypress: left
324.9364 	EXP 	fixation: autoDraw = False
324.9364 	EXP 	grating: autoDraw = False
325.1416 	EXP 	window1: mouseVisible = True
